
2020-07-21 10:32:54,278 INFO: errors [in app.py:584]
2020-07-21 10:33:06,478 INFO: errors [in app.py:584]
2020-07-21 10:41:29,334 INFO: errors [in app.py:584]
2020-07-21 10:42:11,897 INFO: errors [in app.py:584]
2020-07-21 10:47:24,629 INFO: errors [in app.py:584]
2020-07-21 10:48:44,055 INFO: errors [in app.py:584]
2020-07-21 10:51:07,303 INFO: errors [in app.py:584]
2020-07-21 11:21:08,958 INFO: errors [in app.py:584]
2020-07-21 11:24:23,905 INFO: errors [in app.py:584]
2020-07-21 11:30:47,839 INFO: errors [in app.py:585]
2020-07-21 11:35:48,880 INFO: errors [in app.py:584]
2020-07-21 18:51:34,683 INFO: errors [in app.py:588]
2020-07-21 18:58:31,632 INFO: errors [in app.py:588]
2020-07-21 18:59:51,622 INFO: errors [in app.py:588]
2020-07-21 19:05:21,818 INFO: errors [in app.py:591]
2020-07-21 19:07:24,594 INFO: errors [in app.py:591]
2020-07-21 19:11:57,080 INFO: errors [in app.py:598]
2020-07-21 19:21:52,363 INFO: errors [in app.py:598]
2020-07-21 19:23:14,115 INFO: errors [in app.py:599]
2020-07-21 19:25:15,654 INFO: errors [in app.py:598]
2020-07-21 19:26:47,518 INFO: errors [in app.py:598]
2020-07-21 19:27:06,993 ERROR: Exception on /artists/create [POST] [in /Users/ahmedshorim/Desktop/Udacity Nanodegree/REPO-FSND/projects/01_fyyur/starter_code/env/lib/python3.8/site-packages/flask/app.py:1891]
Traceback (most recent call last):
  File "/Users/ahmedshorim/Desktop/Udacity Nanodegree/REPO-FSND/projects/01_fyyur/starter_code/env/lib/python3.8/site-packages/flask/app.py", line 2447, in wsgi_app
    response = self.full_dispatch_request()
  File "/Users/ahmedshorim/Desktop/Udacity Nanodegree/REPO-FSND/projects/01_fyyur/starter_code/env/lib/python3.8/site-packages/flask/app.py", line 1952, in full_dispatch_request
    rv = self.handle_user_exception(e)
  File "/Users/ahmedshorim/Desktop/Udacity Nanodegree/REPO-FSND/projects/01_fyyur/starter_code/env/lib/python3.8/site-packages/flask/app.py", line 1821, in handle_user_exception
    reraise(exc_type, exc_value, tb)
  File "/Users/ahmedshorim/Desktop/Udacity Nanodegree/REPO-FSND/projects/01_fyyur/starter_code/env/lib/python3.8/site-packages/flask/_compat.py", line 39, in reraise
    raise value
  File "/Users/ahmedshorim/Desktop/Udacity Nanodegree/REPO-FSND/projects/01_fyyur/starter_code/env/lib/python3.8/site-packages/flask/app.py", line 1950, in full_dispatch_request
    rv = self.dispatch_request()
  File "/Users/ahmedshorim/Desktop/Udacity Nanodegree/REPO-FSND/projects/01_fyyur/starter_code/env/lib/python3.8/site-packages/flask/app.py", line 1936, in dispatch_request
    return self.view_functions[rule.endpoint](**req.view_args)
  File "app.py", line 444, in create_artist_submission
    match = re.search(us_phone_num, phone)
UnboundLocalError: local variable 'phone' referenced before assignment
2020-07-21 19:27:22,098 INFO: errors [in app.py:598]
2020-07-21 19:36:23,245 INFO: errors [in app.py:599]
2020-07-21 19:36:40,091 ERROR: Exception on /artists/create [POST] [in /Users/ahmedshorim/Desktop/Udacity Nanodegree/REPO-FSND/projects/01_fyyur/starter_code/env/lib/python3.8/site-packages/flask/app.py:1891]
Traceback (most recent call last):
  File "/Users/ahmedshorim/Desktop/Udacity Nanodegree/REPO-FSND/projects/01_fyyur/starter_code/env/lib/python3.8/site-packages/flask/app.py", line 2447, in wsgi_app
    response = self.full_dispatch_request()
  File "/Users/ahmedshorim/Desktop/Udacity Nanodegree/REPO-FSND/projects/01_fyyur/starter_code/env/lib/python3.8/site-packages/flask/app.py", line 1952, in full_dispatch_request
    rv = self.handle_user_exception(e)
  File "/Users/ahmedshorim/Desktop/Udacity Nanodegree/REPO-FSND/projects/01_fyyur/starter_code/env/lib/python3.8/site-packages/flask/app.py", line 1821, in handle_user_exception
    reraise(exc_type, exc_value, tb)
  File "/Users/ahmedshorim/Desktop/Udacity Nanodegree/REPO-FSND/projects/01_fyyur/starter_code/env/lib/python3.8/site-packages/flask/_compat.py", line 39, in reraise
    raise value
  File "/Users/ahmedshorim/Desktop/Udacity Nanodegree/REPO-FSND/projects/01_fyyur/starter_code/env/lib/python3.8/site-packages/flask/app.py", line 1950, in full_dispatch_request
    rv = self.dispatch_request()
  File "/Users/ahmedshorim/Desktop/Udacity Nanodegree/REPO-FSND/projects/01_fyyur/starter_code/env/lib/python3.8/site-packages/flask/app.py", line 1936, in dispatch_request
    return self.view_functions[rule.endpoint](**req.view_args)
  File "app.py", line 449, in create_artist_submission
    return render_template('forms/new_artist.html', form=form)
  File "/Users/ahmedshorim/Desktop/Udacity Nanodegree/REPO-FSND/projects/01_fyyur/starter_code/env/lib/python3.8/site-packages/flask/templating.py", line 137, in render_template
    return _render(
  File "/Users/ahmedshorim/Desktop/Udacity Nanodegree/REPO-FSND/projects/01_fyyur/starter_code/env/lib/python3.8/site-packages/flask/templating.py", line 120, in _render
    rv = template.render(context)
  File "/Users/ahmedshorim/Desktop/Udacity Nanodegree/REPO-FSND/projects/01_fyyur/starter_code/env/lib/python3.8/site-packages/jinja2/environment.py", line 1090, in render
    self.environment.handle_exception()
  File "/Users/ahmedshorim/Desktop/Udacity Nanodegree/REPO-FSND/projects/01_fyyur/starter_code/env/lib/python3.8/site-packages/jinja2/environment.py", line 832, in handle_exception
    reraise(*rewrite_traceback_stack(source=source))
  File "/Users/ahmedshorim/Desktop/Udacity Nanodegree/REPO-FSND/projects/01_fyyur/starter_code/env/lib/python3.8/site-packages/jinja2/_compat.py", line 28, in reraise
    raise value.with_traceback(tb)
  File "/Users/ahmedshorim/Desktop/Udacity Nanodegree/REPO-FSND/projects/01_fyyur/starter_code/templates/forms/new_artist.html", line 1, in top-level template code
    {% extends 'layouts/main.html' %}
  File "/Users/ahmedshorim/Desktop/Udacity Nanodegree/REPO-FSND/projects/01_fyyur/starter_code/templates/layouts/main.html", line 113, in top-level template code
    {% block content %}{% endblock %}
  File "/Users/ahmedshorim/Desktop/Udacity Nanodegree/REPO-FSND/projects/01_fyyur/starter_code/templates/forms/new_artist.html", line 29, in block "content"
    {{ form.genres(class_ = 'form-control', placeholder='Genres, separated by commas', autofocus = true) }}
  File "/Users/ahmedshorim/Desktop/Udacity Nanodegree/REPO-FSND/projects/01_fyyur/starter_code/env/lib/python3.8/site-packages/wtforms/fields/core.py", line 160, in __call__
    return self.meta.render_field(self, kwargs)
  File "/Users/ahmedshorim/Desktop/Udacity Nanodegree/REPO-FSND/projects/01_fyyur/starter_code/env/lib/python3.8/site-packages/wtforms/meta.py", line 56, in render_field
    return field.widget(field, **render_kw)
  File "/Users/ahmedshorim/Desktop/Udacity Nanodegree/REPO-FSND/projects/01_fyyur/starter_code/env/lib/python3.8/site-packages/wtforms/widgets/core.py", line 300, in __call__
    for val, label, selected in field.iter_choices():
  File "/Users/ahmedshorim/Desktop/Udacity Nanodegree/REPO-FSND/projects/01_fyyur/starter_code/env/lib/python3.8/site-packages/wtforms/fields/core.py", line 526, in iter_choices
    selected = self.data is not None and self.coerce(value) in self.data
  File "/Users/ahmedshorim/Desktop/Udacity Nanodegree/REPO-FSND/projects/01_fyyur/starter_code/enums.py", line 30, in coerce
    return cls(int(item)) if not isinstance(item, cls) else item
ValueError: invalid literal for int() with base 10: 'Alternative'
2020-07-21 19:39:07,877 INFO: errors [in app.py:599]
2020-07-21 19:39:17,555 ERROR: Exception on /artists/create [POST] [in /Users/ahmedshorim/Desktop/Udacity Nanodegree/REPO-FSND/projects/01_fyyur/starter_code/env/lib/python3.8/site-packages/flask/app.py:1891]
Traceback (most recent call last):
  File "/Users/ahmedshorim/Desktop/Udacity Nanodegree/REPO-FSND/projects/01_fyyur/starter_code/env/lib/python3.8/site-packages/flask/app.py", line 2447, in wsgi_app
    response = self.full_dispatch_request()
  File "/Users/ahmedshorim/Desktop/Udacity Nanodegree/REPO-FSND/projects/01_fyyur/starter_code/env/lib/python3.8/site-packages/flask/app.py", line 1952, in full_dispatch_request
    rv = self.handle_user_exception(e)
  File "/Users/ahmedshorim/Desktop/Udacity Nanodegree/REPO-FSND/projects/01_fyyur/starter_code/env/lib/python3.8/site-packages/flask/app.py", line 1821, in handle_user_exception
    reraise(exc_type, exc_value, tb)
  File "/Users/ahmedshorim/Desktop/Udacity Nanodegree/REPO-FSND/projects/01_fyyur/starter_code/env/lib/python3.8/site-packages/flask/_compat.py", line 39, in reraise
    raise value
  File "/Users/ahmedshorim/Desktop/Udacity Nanodegree/REPO-FSND/projects/01_fyyur/starter_code/env/lib/python3.8/site-packages/flask/app.py", line 1950, in full_dispatch_request
    rv = self.dispatch_request()
  File "/Users/ahmedshorim/Desktop/Udacity Nanodegree/REPO-FSND/projects/01_fyyur/starter_code/env/lib/python3.8/site-packages/flask/app.py", line 1936, in dispatch_request
    return self.view_functions[rule.endpoint](**req.view_args)
  File "app.py", line 449, in create_artist_submission
    return render_template('forms/new_artist.html', form=form)
  File "/Users/ahmedshorim/Desktop/Udacity Nanodegree/REPO-FSND/projects/01_fyyur/starter_code/env/lib/python3.8/site-packages/flask/templating.py", line 137, in render_template
    return _render(
  File "/Users/ahmedshorim/Desktop/Udacity Nanodegree/REPO-FSND/projects/01_fyyur/starter_code/env/lib/python3.8/site-packages/flask/templating.py", line 120, in _render
    rv = template.render(context)
  File "/Users/ahmedshorim/Desktop/Udacity Nanodegree/REPO-FSND/projects/01_fyyur/starter_code/env/lib/python3.8/site-packages/jinja2/environment.py", line 1090, in render
    self.environment.handle_exception()
  File "/Users/ahmedshorim/Desktop/Udacity Nanodegree/REPO-FSND/projects/01_fyyur/starter_code/env/lib/python3.8/site-packages/jinja2/environment.py", line 832, in handle_exception
    reraise(*rewrite_traceback_stack(source=source))
  File "/Users/ahmedshorim/Desktop/Udacity Nanodegree/REPO-FSND/projects/01_fyyur/starter_code/env/lib/python3.8/site-packages/jinja2/_compat.py", line 28, in reraise
    raise value.with_traceback(tb)
  File "/Users/ahmedshorim/Desktop/Udacity Nanodegree/REPO-FSND/projects/01_fyyur/starter_code/templates/forms/new_artist.html", line 1, in top-level template code
    {% extends 'layouts/main.html' %}
  File "/Users/ahmedshorim/Desktop/Udacity Nanodegree/REPO-FSND/projects/01_fyyur/starter_code/templates/layouts/main.html", line 113, in top-level template code
    {% block content %}{% endblock %}
  File "/Users/ahmedshorim/Desktop/Udacity Nanodegree/REPO-FSND/projects/01_fyyur/starter_code/templates/forms/new_artist.html", line 29, in block "content"
    {{ form.genres(class_ = 'form-control', placeholder='Genres, separated by commas', autofocus = true) }}
  File "/Users/ahmedshorim/Desktop/Udacity Nanodegree/REPO-FSND/projects/01_fyyur/starter_code/env/lib/python3.8/site-packages/wtforms/fields/core.py", line 160, in __call__
    return self.meta.render_field(self, kwargs)
  File "/Users/ahmedshorim/Desktop/Udacity Nanodegree/REPO-FSND/projects/01_fyyur/starter_code/env/lib/python3.8/site-packages/wtforms/meta.py", line 56, in render_field
    return field.widget(field, **render_kw)
  File "/Users/ahmedshorim/Desktop/Udacity Nanodegree/REPO-FSND/projects/01_fyyur/starter_code/env/lib/python3.8/site-packages/wtforms/widgets/core.py", line 300, in __call__
    for val, label, selected in field.iter_choices():
  File "/Users/ahmedshorim/Desktop/Udacity Nanodegree/REPO-FSND/projects/01_fyyur/starter_code/env/lib/python3.8/site-packages/wtforms/fields/core.py", line 526, in iter_choices
    selected = self.data is not None and self.coerce(value) in self.data
  File "/Users/ahmedshorim/Desktop/Udacity Nanodegree/REPO-FSND/projects/01_fyyur/starter_code/enums.py", line 30, in coerce
    return cls(int(item)) if not isinstance(item, cls) else item
ValueError: invalid literal for int() with base 10: 'Alternative'
2020-07-21 19:41:48,364 INFO: errors [in app.py:599]
2020-07-21 19:41:58,068 ERROR: Exception on /artists/create [POST] [in /Users/ahmedshorim/Desktop/Udacity Nanodegree/REPO-FSND/projects/01_fyyur/starter_code/env/lib/python3.8/site-packages/flask/app.py:1891]
Traceback (most recent call last):
  File "/Users/ahmedshorim/Desktop/Udacity Nanodegree/REPO-FSND/projects/01_fyyur/starter_code/env/lib/python3.8/site-packages/flask/app.py", line 2447, in wsgi_app
    response = self.full_dispatch_request()
  File "/Users/ahmedshorim/Desktop/Udacity Nanodegree/REPO-FSND/projects/01_fyyur/starter_code/env/lib/python3.8/site-packages/flask/app.py", line 1952, in full_dispatch_request
    rv = self.handle_user_exception(e)
  File "/Users/ahmedshorim/Desktop/Udacity Nanodegree/REPO-FSND/projects/01_fyyur/starter_code/env/lib/python3.8/site-packages/flask/app.py", line 1821, in handle_user_exception
    reraise(exc_type, exc_value, tb)
  File "/Users/ahmedshorim/Desktop/Udacity Nanodegree/REPO-FSND/projects/01_fyyur/starter_code/env/lib/python3.8/site-packages/flask/_compat.py", line 39, in reraise
    raise value
  File "/Users/ahmedshorim/Desktop/Udacity Nanodegree/REPO-FSND/projects/01_fyyur/starter_code/env/lib/python3.8/site-packages/flask/app.py", line 1950, in full_dispatch_request
    rv = self.dispatch_request()
  File "/Users/ahmedshorim/Desktop/Udacity Nanodegree/REPO-FSND/projects/01_fyyur/starter_code/env/lib/python3.8/site-packages/flask/app.py", line 1936, in dispatch_request
    return self.view_functions[rule.endpoint](**req.view_args)
  File "app.py", line 449, in create_artist_submission
    return render_template('forms/new_artist.html', form=form)
  File "/Users/ahmedshorim/Desktop/Udacity Nanodegree/REPO-FSND/projects/01_fyyur/starter_code/env/lib/python3.8/site-packages/flask/templating.py", line 137, in render_template
    return _render(
  File "/Users/ahmedshorim/Desktop/Udacity Nanodegree/REPO-FSND/projects/01_fyyur/starter_code/env/lib/python3.8/site-packages/flask/templating.py", line 120, in _render
    rv = template.render(context)
  File "/Users/ahmedshorim/Desktop/Udacity Nanodegree/REPO-FSND/projects/01_fyyur/starter_code/env/lib/python3.8/site-packages/jinja2/environment.py", line 1090, in render
    self.environment.handle_exception()
  File "/Users/ahmedshorim/Desktop/Udacity Nanodegree/REPO-FSND/projects/01_fyyur/starter_code/env/lib/python3.8/site-packages/jinja2/environment.py", line 832, in handle_exception
    reraise(*rewrite_traceback_stack(source=source))
  File "/Users/ahmedshorim/Desktop/Udacity Nanodegree/REPO-FSND/projects/01_fyyur/starter_code/env/lib/python3.8/site-packages/jinja2/_compat.py", line 28, in reraise
    raise value.with_traceback(tb)
  File "/Users/ahmedshorim/Desktop/Udacity Nanodegree/REPO-FSND/projects/01_fyyur/starter_code/templates/forms/new_artist.html", line 1, in top-level template code
    {% extends 'layouts/main.html' %}
  File "/Users/ahmedshorim/Desktop/Udacity Nanodegree/REPO-FSND/projects/01_fyyur/starter_code/templates/layouts/main.html", line 113, in top-level template code
    {% block content %}{% endblock %}
  File "/Users/ahmedshorim/Desktop/Udacity Nanodegree/REPO-FSND/projects/01_fyyur/starter_code/templates/forms/new_artist.html", line 29, in block "content"
    {{ form.genres(class_ = 'form-control', placeholder='Genres, separated by commas', autofocus = true) }}
  File "/Users/ahmedshorim/Desktop/Udacity Nanodegree/REPO-FSND/projects/01_fyyur/starter_code/env/lib/python3.8/site-packages/wtforms/fields/core.py", line 160, in __call__
    return self.meta.render_field(self, kwargs)
  File "/Users/ahmedshorim/Desktop/Udacity Nanodegree/REPO-FSND/projects/01_fyyur/starter_code/env/lib/python3.8/site-packages/wtforms/meta.py", line 56, in render_field
    return field.widget(field, **render_kw)
  File "/Users/ahmedshorim/Desktop/Udacity Nanodegree/REPO-FSND/projects/01_fyyur/starter_code/env/lib/python3.8/site-packages/wtforms/widgets/core.py", line 300, in __call__
    for val, label, selected in field.iter_choices():
  File "/Users/ahmedshorim/Desktop/Udacity Nanodegree/REPO-FSND/projects/01_fyyur/starter_code/env/lib/python3.8/site-packages/wtforms/fields/core.py", line 526, in iter_choices
    selected = self.data is not None and self.coerce(value) in self.data
  File "/Users/ahmedshorim/Desktop/Udacity Nanodegree/REPO-FSND/projects/01_fyyur/starter_code/enums.py", line 30, in coerce
    return cls(int(item)) if not isinstance(item, cls) else item
ValueError: invalid literal for int() with base 10: 'Alternative'
2020-07-21 19:42:23,969 INFO: errors [in app.py:599]
2020-07-21 19:42:34,633 ERROR: Exception on /artists/create [POST] [in /Users/ahmedshorim/Desktop/Udacity Nanodegree/REPO-FSND/projects/01_fyyur/starter_code/env/lib/python3.8/site-packages/flask/app.py:1891]
Traceback (most recent call last):
  File "/Users/ahmedshorim/Desktop/Udacity Nanodegree/REPO-FSND/projects/01_fyyur/starter_code/env/lib/python3.8/site-packages/flask/app.py", line 2447, in wsgi_app
    response = self.full_dispatch_request()
  File "/Users/ahmedshorim/Desktop/Udacity Nanodegree/REPO-FSND/projects/01_fyyur/starter_code/env/lib/python3.8/site-packages/flask/app.py", line 1952, in full_dispatch_request
    rv = self.handle_user_exception(e)
  File "/Users/ahmedshorim/Desktop/Udacity Nanodegree/REPO-FSND/projects/01_fyyur/starter_code/env/lib/python3.8/site-packages/flask/app.py", line 1821, in handle_user_exception
    reraise(exc_type, exc_value, tb)
  File "/Users/ahmedshorim/Desktop/Udacity Nanodegree/REPO-FSND/projects/01_fyyur/starter_code/env/lib/python3.8/site-packages/flask/_compat.py", line 39, in reraise
    raise value
  File "/Users/ahmedshorim/Desktop/Udacity Nanodegree/REPO-FSND/projects/01_fyyur/starter_code/env/lib/python3.8/site-packages/flask/app.py", line 1950, in full_dispatch_request
    rv = self.dispatch_request()
  File "/Users/ahmedshorim/Desktop/Udacity Nanodegree/REPO-FSND/projects/01_fyyur/starter_code/env/lib/python3.8/site-packages/flask/app.py", line 1936, in dispatch_request
    return self.view_functions[rule.endpoint](**req.view_args)
  File "app.py", line 449, in create_artist_submission
    return render_template('forms/new_artist.html', form=form)
  File "/Users/ahmedshorim/Desktop/Udacity Nanodegree/REPO-FSND/projects/01_fyyur/starter_code/env/lib/python3.8/site-packages/flask/templating.py", line 137, in render_template
    return _render(
  File "/Users/ahmedshorim/Desktop/Udacity Nanodegree/REPO-FSND/projects/01_fyyur/starter_code/env/lib/python3.8/site-packages/flask/templating.py", line 120, in _render
    rv = template.render(context)
  File "/Users/ahmedshorim/Desktop/Udacity Nanodegree/REPO-FSND/projects/01_fyyur/starter_code/env/lib/python3.8/site-packages/jinja2/environment.py", line 1090, in render
    self.environment.handle_exception()
  File "/Users/ahmedshorim/Desktop/Udacity Nanodegree/REPO-FSND/projects/01_fyyur/starter_code/env/lib/python3.8/site-packages/jinja2/environment.py", line 832, in handle_exception
    reraise(*rewrite_traceback_stack(source=source))
  File "/Users/ahmedshorim/Desktop/Udacity Nanodegree/REPO-FSND/projects/01_fyyur/starter_code/env/lib/python3.8/site-packages/jinja2/_compat.py", line 28, in reraise
    raise value.with_traceback(tb)
  File "/Users/ahmedshorim/Desktop/Udacity Nanodegree/REPO-FSND/projects/01_fyyur/starter_code/templates/forms/new_artist.html", line 1, in top-level template code
    {% extends 'layouts/main.html' %}
  File "/Users/ahmedshorim/Desktop/Udacity Nanodegree/REPO-FSND/projects/01_fyyur/starter_code/templates/layouts/main.html", line 113, in top-level template code
    {% block content %}{% endblock %}
  File "/Users/ahmedshorim/Desktop/Udacity Nanodegree/REPO-FSND/projects/01_fyyur/starter_code/templates/forms/new_artist.html", line 29, in block "content"
    {{ form.genres(class_ = 'form-control', placeholder='Genres, separated by commas', autofocus = true) }}
  File "/Users/ahmedshorim/Desktop/Udacity Nanodegree/REPO-FSND/projects/01_fyyur/starter_code/env/lib/python3.8/site-packages/wtforms/fields/core.py", line 160, in __call__
    return self.meta.render_field(self, kwargs)
  File "/Users/ahmedshorim/Desktop/Udacity Nanodegree/REPO-FSND/projects/01_fyyur/starter_code/env/lib/python3.8/site-packages/wtforms/meta.py", line 56, in render_field
    return field.widget(field, **render_kw)
  File "/Users/ahmedshorim/Desktop/Udacity Nanodegree/REPO-FSND/projects/01_fyyur/starter_code/env/lib/python3.8/site-packages/wtforms/widgets/core.py", line 300, in __call__
    for val, label, selected in field.iter_choices():
  File "/Users/ahmedshorim/Desktop/Udacity Nanodegree/REPO-FSND/projects/01_fyyur/starter_code/env/lib/python3.8/site-packages/wtforms/fields/core.py", line 526, in iter_choices
    selected = self.data is not None and self.coerce(value) in self.data
  File "/Users/ahmedshorim/Desktop/Udacity Nanodegree/REPO-FSND/projects/01_fyyur/starter_code/enums.py", line 30, in coerce
    return cls(int(item)) if not isinstance(item, cls) else item
ValueError: invalid literal for int() with base 10: 'Alternative'
2020-07-21 19:44:21,794 INFO: errors [in app.py:599]
2020-07-21 19:44:38,195 ERROR: Exception on /artists/create [POST] [in /Users/ahmedshorim/Desktop/Udacity Nanodegree/REPO-FSND/projects/01_fyyur/starter_code/env/lib/python3.8/site-packages/flask/app.py:1891]
Traceback (most recent call last):
  File "/Users/ahmedshorim/Desktop/Udacity Nanodegree/REPO-FSND/projects/01_fyyur/starter_code/env/lib/python3.8/site-packages/flask/app.py", line 2447, in wsgi_app
    response = self.full_dispatch_request()
  File "/Users/ahmedshorim/Desktop/Udacity Nanodegree/REPO-FSND/projects/01_fyyur/starter_code/env/lib/python3.8/site-packages/flask/app.py", line 1952, in full_dispatch_request
    rv = self.handle_user_exception(e)
  File "/Users/ahmedshorim/Desktop/Udacity Nanodegree/REPO-FSND/projects/01_fyyur/starter_code/env/lib/python3.8/site-packages/flask/app.py", line 1821, in handle_user_exception
    reraise(exc_type, exc_value, tb)
  File "/Users/ahmedshorim/Desktop/Udacity Nanodegree/REPO-FSND/projects/01_fyyur/starter_code/env/lib/python3.8/site-packages/flask/_compat.py", line 39, in reraise
    raise value
  File "/Users/ahmedshorim/Desktop/Udacity Nanodegree/REPO-FSND/projects/01_fyyur/starter_code/env/lib/python3.8/site-packages/flask/app.py", line 1950, in full_dispatch_request
    rv = self.dispatch_request()
  File "/Users/ahmedshorim/Desktop/Udacity Nanodegree/REPO-FSND/projects/01_fyyur/starter_code/env/lib/python3.8/site-packages/flask/app.py", line 1936, in dispatch_request
    return self.view_functions[rule.endpoint](**req.view_args)
  File "app.py", line 449, in create_artist_submission
    return render_template('forms/new_artist.html', form=form)
  File "/Users/ahmedshorim/Desktop/Udacity Nanodegree/REPO-FSND/projects/01_fyyur/starter_code/env/lib/python3.8/site-packages/flask/templating.py", line 137, in render_template
    return _render(
  File "/Users/ahmedshorim/Desktop/Udacity Nanodegree/REPO-FSND/projects/01_fyyur/starter_code/env/lib/python3.8/site-packages/flask/templating.py", line 120, in _render
    rv = template.render(context)
  File "/Users/ahmedshorim/Desktop/Udacity Nanodegree/REPO-FSND/projects/01_fyyur/starter_code/env/lib/python3.8/site-packages/jinja2/environment.py", line 1090, in render
    self.environment.handle_exception()
  File "/Users/ahmedshorim/Desktop/Udacity Nanodegree/REPO-FSND/projects/01_fyyur/starter_code/env/lib/python3.8/site-packages/jinja2/environment.py", line 832, in handle_exception
    reraise(*rewrite_traceback_stack(source=source))
  File "/Users/ahmedshorim/Desktop/Udacity Nanodegree/REPO-FSND/projects/01_fyyur/starter_code/env/lib/python3.8/site-packages/jinja2/_compat.py", line 28, in reraise
    raise value.with_traceback(tb)
  File "/Users/ahmedshorim/Desktop/Udacity Nanodegree/REPO-FSND/projects/01_fyyur/starter_code/templates/forms/new_artist.html", line 1, in top-level template code
    {% extends 'layouts/main.html' %}
  File "/Users/ahmedshorim/Desktop/Udacity Nanodegree/REPO-FSND/projects/01_fyyur/starter_code/templates/layouts/main.html", line 113, in top-level template code
    {% block content %}{% endblock %}
  File "/Users/ahmedshorim/Desktop/Udacity Nanodegree/REPO-FSND/projects/01_fyyur/starter_code/templates/forms/new_artist.html", line 29, in block "content"
    {{ form.genres(class_ = 'form-control', placeholder='Genres, separated by commas', autofocus = true) }}
  File "/Users/ahmedshorim/Desktop/Udacity Nanodegree/REPO-FSND/projects/01_fyyur/starter_code/env/lib/python3.8/site-packages/wtforms/fields/core.py", line 160, in __call__
    return self.meta.render_field(self, kwargs)
  File "/Users/ahmedshorim/Desktop/Udacity Nanodegree/REPO-FSND/projects/01_fyyur/starter_code/env/lib/python3.8/site-packages/wtforms/meta.py", line 56, in render_field
    return field.widget(field, **render_kw)
  File "/Users/ahmedshorim/Desktop/Udacity Nanodegree/REPO-FSND/projects/01_fyyur/starter_code/env/lib/python3.8/site-packages/wtforms/widgets/core.py", line 300, in __call__
    for val, label, selected in field.iter_choices():
  File "/Users/ahmedshorim/Desktop/Udacity Nanodegree/REPO-FSND/projects/01_fyyur/starter_code/env/lib/python3.8/site-packages/wtforms/fields/core.py", line 526, in iter_choices
    selected = self.data is not None and self.coerce(value) in self.data
  File "/Users/ahmedshorim/Desktop/Udacity Nanodegree/REPO-FSND/projects/01_fyyur/starter_code/enums.py", line 30, in coerce
    return cls(int(item)) if not isinstance(item, cls) else item
ValueError: invalid literal for int() with base 10: 'Alternative'
2020-07-21 19:44:51,663 INFO: errors [in app.py:599]
2020-07-21 19:45:05,013 ERROR: Exception on /artists/create [POST] [in /Users/ahmedshorim/Desktop/Udacity Nanodegree/REPO-FSND/projects/01_fyyur/starter_code/env/lib/python3.8/site-packages/flask/app.py:1891]
Traceback (most recent call last):
  File "/Users/ahmedshorim/Desktop/Udacity Nanodegree/REPO-FSND/projects/01_fyyur/starter_code/env/lib/python3.8/site-packages/flask/app.py", line 2447, in wsgi_app
    response = self.full_dispatch_request()
  File "/Users/ahmedshorim/Desktop/Udacity Nanodegree/REPO-FSND/projects/01_fyyur/starter_code/env/lib/python3.8/site-packages/flask/app.py", line 1952, in full_dispatch_request
    rv = self.handle_user_exception(e)
  File "/Users/ahmedshorim/Desktop/Udacity Nanodegree/REPO-FSND/projects/01_fyyur/starter_code/env/lib/python3.8/site-packages/flask/app.py", line 1821, in handle_user_exception
    reraise(exc_type, exc_value, tb)
  File "/Users/ahmedshorim/Desktop/Udacity Nanodegree/REPO-FSND/projects/01_fyyur/starter_code/env/lib/python3.8/site-packages/flask/_compat.py", line 39, in reraise
    raise value
  File "/Users/ahmedshorim/Desktop/Udacity Nanodegree/REPO-FSND/projects/01_fyyur/starter_code/env/lib/python3.8/site-packages/flask/app.py", line 1950, in full_dispatch_request
    rv = self.dispatch_request()
  File "/Users/ahmedshorim/Desktop/Udacity Nanodegree/REPO-FSND/projects/01_fyyur/starter_code/env/lib/python3.8/site-packages/flask/app.py", line 1936, in dispatch_request
    return self.view_functions[rule.endpoint](**req.view_args)
  File "app.py", line 449, in create_artist_submission
    return render_template('forms/new_artist.html', form=form)
  File "/Users/ahmedshorim/Desktop/Udacity Nanodegree/REPO-FSND/projects/01_fyyur/starter_code/env/lib/python3.8/site-packages/flask/templating.py", line 137, in render_template
    return _render(
  File "/Users/ahmedshorim/Desktop/Udacity Nanodegree/REPO-FSND/projects/01_fyyur/starter_code/env/lib/python3.8/site-packages/flask/templating.py", line 120, in _render
    rv = template.render(context)
  File "/Users/ahmedshorim/Desktop/Udacity Nanodegree/REPO-FSND/projects/01_fyyur/starter_code/env/lib/python3.8/site-packages/jinja2/environment.py", line 1090, in render
    self.environment.handle_exception()
  File "/Users/ahmedshorim/Desktop/Udacity Nanodegree/REPO-FSND/projects/01_fyyur/starter_code/env/lib/python3.8/site-packages/jinja2/environment.py", line 832, in handle_exception
    reraise(*rewrite_traceback_stack(source=source))
  File "/Users/ahmedshorim/Desktop/Udacity Nanodegree/REPO-FSND/projects/01_fyyur/starter_code/env/lib/python3.8/site-packages/jinja2/_compat.py", line 28, in reraise
    raise value.with_traceback(tb)
  File "/Users/ahmedshorim/Desktop/Udacity Nanodegree/REPO-FSND/projects/01_fyyur/starter_code/templates/forms/new_artist.html", line 1, in top-level template code
    {% extends 'layouts/main.html' %}
  File "/Users/ahmedshorim/Desktop/Udacity Nanodegree/REPO-FSND/projects/01_fyyur/starter_code/templates/layouts/main.html", line 113, in top-level template code
    {% block content %}{% endblock %}
  File "/Users/ahmedshorim/Desktop/Udacity Nanodegree/REPO-FSND/projects/01_fyyur/starter_code/templates/forms/new_artist.html", line 29, in block "content"
    {{ form.genres(class_ = 'form-control', placeholder='Genres, separated by commas', autofocus = true) }}
  File "/Users/ahmedshorim/Desktop/Udacity Nanodegree/REPO-FSND/projects/01_fyyur/starter_code/env/lib/python3.8/site-packages/wtforms/fields/core.py", line 160, in __call__
    return self.meta.render_field(self, kwargs)
  File "/Users/ahmedshorim/Desktop/Udacity Nanodegree/REPO-FSND/projects/01_fyyur/starter_code/env/lib/python3.8/site-packages/wtforms/meta.py", line 56, in render_field
    return field.widget(field, **render_kw)
  File "/Users/ahmedshorim/Desktop/Udacity Nanodegree/REPO-FSND/projects/01_fyyur/starter_code/env/lib/python3.8/site-packages/wtforms/widgets/core.py", line 300, in __call__
    for val, label, selected in field.iter_choices():
  File "/Users/ahmedshorim/Desktop/Udacity Nanodegree/REPO-FSND/projects/01_fyyur/starter_code/env/lib/python3.8/site-packages/wtforms/fields/core.py", line 526, in iter_choices
    selected = self.data is not None and self.coerce(value) in self.data
  File "/Users/ahmedshorim/Desktop/Udacity Nanodegree/REPO-FSND/projects/01_fyyur/starter_code/enums.py", line 30, in coerce
    return cls(int(item)) if not isinstance(item, cls) else item
ValueError: invalid literal for int() with base 10: 'Alternative'
2020-07-21 19:45:29,020 INFO: errors [in app.py:598]
